<?xml version="1.0" encoding="UTF-8"?><testsuite errors="0" failures="1" name="Banco" skipped="0" tests="1" time="44.22" timestamp="2023-03-02 01:10:35"><testcase name="Verificar documentaciÃ³n de Banco"><failure message="&#10;Expected: an element that is present&#10;     but: no matching element found by xpath: //a[@aria-expanded='true'] was not present" type="java.lang.AssertionError">
Expected: an element that is present
     but: no matching element found by xpath: //a[@aria-expanded='true'] was not present</failure><system-err>
Expected: an element that is present
     but: no matching element found by xpath: //a[@aria-expanded='true'] was not present&#13;
test.automatization.tasks.NavegarPagina.performAs(NavegarPagina.java:24)&#13;
test.automatization.stepdefinitions.NavegarBanco.navegaEnLaPagina(NavegarBanco.java:31)&#13;
cucumber.runner.Runner.runPickle(Runner.java:80)&#13;
worker.org.gradle.process.internal.worker.GradleWorkerMain.run(GradleWorkerMain.java:69)&#13;
worker.org.gradle.process.internal.worker.GradleWorkerMain.main(GradleWorkerMain.java:74)&#13;
</system-err></testcase></testsuite>